C51 COMPILER V9.60.0.0   MAIN                                                              03/19/2022 19:24:56 PAGE 1   


C51 COMPILER V9.60.0.0, COMPILATION OF MODULE MAIN
OBJECT MODULE PLACED IN .\Objects\Main.obj
COMPILER INVOKED BY: C:\Keil_v5\C51\BIN\C51.EXE Main.c OPTIMIZE(8,SPEED) BROWSE DEBUG OBJECTEXTEND PRINT(.\Listings\Main
                    -.lst) TABS(2) OBJECT(.\Objects\Main.obj)

line level    source

   1          #include <at89c5131.h>
   2          #include "lcd.h"        //Header file with LCD interfacing functions
   3          #include "MorseCode.h"  //Header file for Morse Code 
   4          
   5          sbit LED=P1^7;
   6          /*
   7          Port P0.7 is used for the audio signal output
   8          */  
   9          //Main function
  10          
  11          void main(void)
  12          {
  13   1        P1=0xFF; //Make an input port
  14   1        //Call initialization functions
  15   1        lcd_init();
  16   1        
  17   1        // Read input nibble here
  18   1        if (P1_0){
  19   2          lcd_write_string("       A");
  20   2          morse_a();
  21   2        }
  22   1        else if(P1_1){
  23   2          lcd_write_string("       B");
  24   2          morse_b();
  25   2        }
  26   1        else if(P1_2){
  27   2          lcd_write_string("       C");
  28   2          morse_c();
  29   2        }
  30   1        else if(P1_3){
  31   2          lcd_write_string("       D");
  32   2          morse_d();
  33   2        }
  34   1        else {
  35   2          lcd_write_string("       E");
  36   2          morse_e();
  37   2        }
  38   1        
  39   1        // Insert Priority Logic
  40   1        // Inside each condition, call the functions from MorseCode.h. Fill functions in MorseCode.h
  41   1        // Write to LCD using function lcd_write_string() in side the condition as well
  42   1        
  43   1        
  44   1        // 
  45   1        while(1){}
  46   1        
  47   1      }


MODULE INFORMATION:   STATIC OVERLAYABLE
   CODE SIZE        =    349    ----
   CONSTANT SIZE    =     45    ----
   XDATA SIZE       =   ----    ----
   PDATA SIZE       =   ----    ----
C51 COMPILER V9.60.0.0   MAIN                                                              03/19/2022 19:24:56 PAGE 2   

   DATA SIZE        =   ----       3
   IDATA SIZE       =   ----    ----
   BIT SIZE         =   ----    ----
END OF MODULE INFORMATION.


C51 COMPILATION COMPLETE.  0 WARNING(S),  0 ERROR(S)
